<?xml version="1.0" encoding="UTF-8" ?>
<testsuite tests="6" failures="0" name="runner.RunnerTest" time="67.117" errors="0" skipped="0">
  <properties>
[...]
</properties>
  <testcase classname="EMPTY_NAME" name="Validar campos obrigatorios" time="11.768"/>
  <testcase classname="EMPTY_NAME" name="Inserir dados invalidos #1" time="10.829"/>
  <testcase classname="EMPTY_NAME" name="Inserir dados invalidos #2" time="11.796"/>
  <testcase classname="EMPTY_NAME" name="Inserir dados invalidos #3" time="11.281"/>
  <testcase classname="EMPTY_NAME" name="Cadastrar com sucesso #1" time="10.986"/>
  <testcase classname="EMPTY_NAME" name="Cadastrar com sucesso #2" time="10.457"/>
</testsuite>